<?xml version="1.0" encoding="UTF-8"?>
<!-- Generated by org.testng.reporters.JUnitXMLReporter -->
<testsuite hostname="DESKTOP-EIQV940" ignored="0" name="Default test" tests="2" failures="0" timestamp="03 Sep 2021 12:03:17 GMT" time="0.982" errors="0">
  <testcase name="addTest" time="0.138" classname="com.JunitCoverageProgram.JunitCoverageProgram.AppTest"/>
  <testcase name="showTest" time="0.032" classname="com.JunitCoverageProgram.JunitCoverageProgram.AppTest"/>
</testsuite> <!-- Default test -->
