<?xml version="1.0" encoding="UTF-8"?>
<testng-results skipped="0" failed="0" ignored="0" total="2" passed="2">
  <reporter-output>
  </reporter-output>
  <suite name="Default suite" duration-ms="982" started-at="2021-09-03T12:03:16Z" finished-at="2021-09-03T12:03:17Z">
    <groups>
    </groups>
    <test name="Default test" duration-ms="982" started-at="2021-09-03T12:03:16Z" finished-at="2021-09-03T12:03:17Z">
      <class name="com.JunitCoverageProgram.JunitCoverageProgram.AppTest">
        <test-method status="PASS" signature="addTest()[pri:0, instance:com.JunitCoverageProgram.JunitCoverageProgram.AppTest@282ffbf5]" name="addTest" duration-ms="138" started-at="2021-09-03T12:03:16Z" finished-at="2021-09-03T12:03:16Z">
          <reporter-output>
          </reporter-output>
        </test-method> <!-- addTest -->
        <test-method status="PASS" signature="showTest()[pri:0, instance:com.JunitCoverageProgram.JunitCoverageProgram.AppTest@282ffbf5]" name="showTest" duration-ms="32" started-at="2021-09-03T12:03:17Z" finished-at="2021-09-03T12:03:17Z">
          <reporter-output>
          </reporter-output>
        </test-method> <!-- showTest -->
      </class> <!-- com.JunitCoverageProgram.JunitCoverageProgram.AppTest -->
    </test> <!-- Default test -->
  </suite> <!-- Default suite -->
</testng-results>
